policy=Gaussian env=LunarLanderContinuous-v2 train_seed=0 test_seed=0 relative_mass=1.0 noise_scale=0.0 result=285.63836669921875±8.041478157043457
policy=Gaussian env=HalfCheetah-v2 train_seed=0 test_seed=0 relative_mass=1.0 noise_scale=0.0 result=15857.3212890625±35.75139236450195
policy=Gaussian env=Hopper-v2 train_seed=0 test_seed=0 relative_mass=1.0 noise_scale=0.0 result=3603.812744140625±2.3587541580200195
policy=Gaussian env=Walker2d-v3 train_seed=0 test_seed=0 relative_mass=1.0 noise_scale=0.0 result=5209.1591796875±7.540582656860352
policy=Gaussian env=Ant-v2 train_seed=0 test_seed=0 relative_mass=1.0 noise_scale=0.0 result=5760.498046875±950.5867309570312
policy=Gaussian env=Humanoid-v2 train_seed=0 test_seed=0 relative_mass=1.0 noise_scale=0.0 result=5814.2939453125±1.7170991897583008
policy=Gaussian env=LunarLanderContinuous-v2 train_seed=1 test_seed=1 relative_mass=1.0 noise_scale=0.0 result=279.516845703125±8.747026443481445
policy=Gaussian env=HalfCheetah-v2 train_seed=1 test_seed=1 relative_mass=1.0 noise_scale=0.0 result=16050.63671875±24.191709518432617
policy=Gaussian env=Hopper-v2 train_seed=1 test_seed=1 relative_mass=1.0 noise_scale=0.0 result=3307.087890625±1.5723512172698975
policy=Gaussian env=Walker2d-v3 train_seed=1 test_seed=1 relative_mass=1.0 noise_scale=0.0 result=4612.587890625±2.2488808631896973
policy=Gaussian env=Ant-v2 train_seed=1 test_seed=1 relative_mass=1.0 noise_scale=0.0 result=5281.77392578125±582.6633911132812
policy=Gaussian env=Humanoid-v2 train_seed=1 test_seed=1 relative_mass=1.0 noise_scale=0.0 result=5910.7138671875±16.80242347717285
policy=Gaussian env=LunarLanderContinuous-v2 train_seed=2 test_seed=2 relative_mass=1.0 noise_scale=0.0 result=280.8495788574219±8.548745155334473
policy=Gaussian env=HalfCheetah-v2 train_seed=2 test_seed=2 relative_mass=1.0 noise_scale=0.0 result=16291.9912109375±99.09215545654297
policy=Gaussian env=Hopper-v2 train_seed=2 test_seed=2 relative_mass=1.0 noise_scale=0.0 result=3478.642578125±0.7771170735359192
policy=Gaussian env=Walker2d-v3 train_seed=2 test_seed=2 relative_mass=1.0 noise_scale=0.0 result=3153.9384765625±3.4560978412628174
policy=Gaussian env=Ant-v2 train_seed=2 test_seed=2 relative_mass=1.0 noise_scale=0.0 result=6745.4873046875±237.5692901611328
policy=Gaussian env=Humanoid-v2 train_seed=2 test_seed=2 relative_mass=1.0 noise_scale=0.0 result=5810.12353515625±3.5257034301757812
policy=Gaussian env=LunarLanderContinuous-v2 train_seed=3 test_seed=3 relative_mass=1.0 noise_scale=0.0 result=285.6947326660156±8.411711692810059
policy=Gaussian env=HalfCheetah-v2 train_seed=3 test_seed=3 relative_mass=1.0 noise_scale=0.0 result=16066.7939453125±25.936294555664062
policy=Gaussian env=Hopper-v2 train_seed=3 test_seed=3 relative_mass=1.0 noise_scale=0.0 result=3354.98193359375±1.2680232524871826
policy=Gaussian env=Walker2d-v3 train_seed=3 test_seed=3 relative_mass=1.0 noise_scale=0.0 result=5360.80810546875±22.029010772705078
policy=Gaussian env=Ant-v2 train_seed=3 test_seed=3 relative_mass=1.0 noise_scale=0.0 result=5694.35498046875±557.83544921875
policy=Gaussian env=Humanoid-v2 train_seed=3 test_seed=3 relative_mass=1.0 noise_scale=0.0 result=5679.732421875±2.841578483581543
