policy=adv env=LunarLanderContinuous-v2 train_seed=0 test_seed=0 relative_mass=1.0 noise_scale=0.0 result=280.45733642578125±10.362327575683594
policy=adv env=HalfCheetah-v2 train_seed=0 test_seed=0 relative_mass=1.0 noise_scale=0.0 result=14362.5986328125±544.5423583984375
policy=adv env=Hopper-v2 train_seed=0 test_seed=0 relative_mass=1.0 noise_scale=0.0 result=3101.011474609375±291.21783447265625
policy=adv env=Walker2d-v3 train_seed=0 test_seed=0 relative_mass=1.0 noise_scale=0.0 result=3746.90478515625±252.64804077148438
policy=adv env=Ant-v2 train_seed=0 test_seed=0 relative_mass=1.0 noise_scale=0.0 result=7076.27978515625±39.82492446899414
policy=adv env=Humanoid-v2 train_seed=0 test_seed=0 relative_mass=1.0 noise_scale=0.0 result=5867.64013671875±6.467621326446533
policy=adv env=LunarLanderContinuous-v2 train_seed=1 test_seed=1 relative_mass=1.0 noise_scale=0.0 result=265.0219421386719±20.979307174682617
policy=adv env=HalfCheetah-v2 train_seed=1 test_seed=1 relative_mass=1.0 noise_scale=0.0 result=7512.82080078125±30.151926040649414
policy=adv env=Hopper-v2 train_seed=1 test_seed=1 relative_mass=1.0 noise_scale=0.0 result=3102.7919921875±3.7112975120544434
policy=adv env=Walker2d-v3 train_seed=1 test_seed=1 relative_mass=1.0 noise_scale=0.0 result=5020.60302734375±9.26572322845459
policy=adv env=Ant-v2 train_seed=1 test_seed=1 relative_mass=1.0 noise_scale=0.0 result=5097.6025390625±33.002601623535156
policy=adv env=Humanoid-v2 train_seed=1 test_seed=1 relative_mass=1.0 noise_scale=0.0 result=5783.365234375±2.079956293106079
policy=adv env=LunarLanderContinuous-v2 train_seed=2 test_seed=2 relative_mass=1.0 noise_scale=0.0 result=270.7514953613281±20.267881393432617
policy=adv env=HalfCheetah-v2 train_seed=2 test_seed=2 relative_mass=1.0 noise_scale=0.0 result=15485.9921875±980.828857421875
policy=adv env=Hopper-v2 train_seed=2 test_seed=2 relative_mass=1.0 noise_scale=0.0 result=3294.28125±4.615893840789795
policy=adv env=Walker2d-v3 train_seed=2 test_seed=2 relative_mass=1.0 noise_scale=0.0 result=4306.37890625±12.557964324951172
policy=adv env=Ant-v2 train_seed=2 test_seed=2 relative_mass=1.0 noise_scale=0.0 result=4923.19921875±505.0039367675781
policy=adv env=Humanoid-v2 train_seed=2 test_seed=2 relative_mass=1.0 noise_scale=0.0 result=6047.75±301.2886657714844
policy=adv env=LunarLanderContinuous-v2 train_seed=3 test_seed=3 relative_mass=1.0 noise_scale=0.0 result=283.7117614746094±9.262685775756836
policy=adv env=HalfCheetah-v2 train_seed=3 test_seed=3 relative_mass=1.0 noise_scale=0.0 result=14742.6904296875±84.18023681640625
policy=adv env=Hopper-v2 train_seed=3 test_seed=3 relative_mass=1.0 noise_scale=0.0 result=2938.427734375±1.2611221075057983
policy=adv env=Walker2d-v3 train_seed=3 test_seed=3 relative_mass=1.0 noise_scale=0.0 result=3344.68408203125±9.776538848876953
policy=adv env=Ant-v2 train_seed=3 test_seed=3 relative_mass=1.0 noise_scale=0.0 result=5194.50146484375±32.40975570678711
policy=adv env=Humanoid-v2 train_seed=3 test_seed=3 relative_mass=1.0 noise_scale=0.0 result=5677.29052734375±4.772481441497803
policy=adv env=LunarLanderContinuous-v2 train_seed=4 test_seed=4 relative_mass=1.0 noise_scale=0.0 result=283.7348327636719±7.883195877075195
policy=adv env=HalfCheetah-v2 train_seed=4 test_seed=4 relative_mass=1.0 noise_scale=0.0 result=13128.7470703125±72.82542419433594
policy=adv env=Hopper-v2 train_seed=4 test_seed=4 relative_mass=1.0 noise_scale=0.0 result=3221.33349609375±2.5942914485931396
policy=adv env=Walker2d-v3 train_seed=4 test_seed=4 relative_mass=1.0 noise_scale=0.0 result=3947.106201171875±25.344873428344727
policy=adv env=Ant-v2 train_seed=4 test_seed=4 relative_mass=1.0 noise_scale=0.0 result=5168.19580078125±303.11328125
policy=adv env=Humanoid-v2 train_seed=4 test_seed=4 relative_mass=1.0 noise_scale=0.0 result=7024.560546875±13.230520248413086
policy=adv env=LunarLanderContinuous-v2 train_seed=5 test_seed=5 relative_mass=1.0 noise_scale=0.0 result=270.0947570800781±23.215435028076172
policy=adv env=Hopper-v2 train_seed=5 test_seed=5 relative_mass=1.0 noise_scale=0.0 result=2071.934326171875±499.58135986328125
policy=adv env=HalfCheetah-v2 train_seed=5 test_seed=5 relative_mass=1.0 noise_scale=0.0 result=14655.6083984375±79.11182403564453
policy=adv env=Walker2d-v3 train_seed=5 test_seed=5 relative_mass=1.0 noise_scale=0.0 result=4051.85498046875±23.300779342651367
policy=adv env=Ant-v2 train_seed=5 test_seed=5 relative_mass=1.0 noise_scale=0.0 result=4879.548828125±193.01675415039062
policy=adv env=Humanoid-v2 train_seed=5 test_seed=5 relative_mass=1.0 noise_scale=0.0 result=6058.17822265625±251.9317626953125
policy=adv env=LunarLanderContinuous-v2 train_seed=6 test_seed=6 relative_mass=1.0 noise_scale=0.0 result=269.74835205078125±35.80140686035156
policy=adv env=HalfCheetah-v2 train_seed=6 test_seed=6 relative_mass=1.0 noise_scale=0.0 result=11994.09375±259.84417724609375
policy=adv env=Hopper-v2 train_seed=6 test_seed=6 relative_mass=1.0 noise_scale=0.0 result=3336.61572265625±1.7926291227340698
policy=adv env=Walker2d-v3 train_seed=6 test_seed=6 relative_mass=1.0 noise_scale=0.0 result=4162.31591796875±4.158657550811768
policy=adv env=Ant-v2 train_seed=6 test_seed=6 relative_mass=1.0 noise_scale=0.0 result=5045.92236328125±258.7367248535156
policy=adv env=Humanoid-v2 train_seed=6 test_seed=6 relative_mass=1.0 noise_scale=0.0 result=5986.06640625±24.812335968017578
